[main]-[main]-[INFO] - ==================================================
[crosscheck]-[load_files]-[INFO] - Loading crosscheck files
[utils]-[reset]-[INFO] - Timer start
[controller]-[get_files]-[INFO] - Reading filenames in folder: ..\Data_In\
[controller]-[process]-[INFO] - --------------------------------------------------
[controller]-[process]-[INFO] - Processing file 1 of 2
[recordparser]-[read_file]-[INFO] - Reading file: ..\Data_In\iRecord Data 09-01-2020 - 31-01-2020_original.csv
[recordparser]-[process_records]-[INFO] - Processing records
[recordparser]-[process_records]-[INFO] - Number of iRecord records: 3,696
[recordparser]-[process_records]-[INFO] - Number of skipped records: 616
[recordparser]-[process_records]-[INFO] - Number of Swift records: 3,364
[recordparser]-[process_records]-[INFO] - Number of gridrefs outside region: 0
[recordparser]-[output_results]-[INFO] - Writing results to CSV files
[recordparser]-[write_file]-[INFO] - Writing _key file: ..\Data_Out\iRecord Data 09-01-2020 - 31-01-2020_original_key.csv
[recordparser]-[write_file]-[INFO] - Writing _skip file: ..\Data_Out\iRecord Data 09-01-2020 - 31-01-2020_original_skip.csv
[recordparser]-[write_file]-[INFO] - Writing _swift file: ..\Data_Out\iRecord Data 09-01-2020 - 31-01-2020_original_swift.csv
[recordparser]-[output_excel]-[INFO] - Writing Excel file: ..\Data_Out\iRecord Data 09-01-2020 - 31-01-2020_original.xlsx
[controller]-[process]-[INFO] - --------------------------------------------------
[controller]-[process]-[INFO] - Processing file 2 of 2
[recordparser]-[read_file]-[INFO] - Reading file: ..\Data_In\iRecord Raw Data Examples_01.csv
[recordparser]-[process_records]-[INFO] - Processing records
[recordparser]-[process_records]-[INFO] - Number of iRecord records: 1,180
[recordparser]-[process_records]-[INFO] - Number of skipped records: 672
[recordparser]-[process_records]-[INFO] - Number of Swift records: 4,548
[recordparser]-[process_records]-[INFO] - Number of gridrefs outside region: 2
[recordparser]-[output_results]-[INFO] - Writing results to CSV files
[recordparser]-[write_file]-[INFO] - Writing _key file: ..\Data_Out\iRecord Raw Data Examples_01_key.csv
[recordparser]-[write_file]-[INFO] - Writing _skip file: ..\Data_Out\iRecord Raw Data Examples_01_skip.csv
[recordparser]-[write_file]-[INFO] - Writing _swift file: ..\Data_Out\iRecord Raw Data Examples_01_swift.csv
[recordparser]-[output_excel]-[INFO] - Writing Excel file: ..\Data_Out\iRecord Raw Data Examples_01.xlsx
[controller]-[process]-[INFO] - --------------------------------------------------
[controller]-[process]-[INFO] - Finished
[utils]-[log_elapsed_time]-[INFO] - Elapsed time: 0.2 mins /  13 seconds
